#
# A fatal error has been detected by the Java Runtime Environment:
#
#  SIGSEGV (0xb) at pc=0x000000010d5d7432, pid=957, tid=21511
#
# JRE version: Java(TM) SE Runtime Environment (12.0.1+12) (build 12.0.1+12)
# Java VM: Java HotSpot(TM) 64-Bit Server VM (12.0.1+12, mixed mode, sharing, tiered, compressed oops, g1 gc, bsd-amd64)
# Problematic frame:
# C  [libjimage.dylib+0x2432]  _ZNK15ImageFileReader19find_location_indexEPKcPy+0x2c
#
# No core dump will be written. Core dumps have been disabled. To enable core dumping, try "ulimit -c unlimited" before starting Java again
#
# If you would like to submit a bug report, please visit:
#   http://bugreport.java.com/bugreport/crash.jsp
#

---------------  S U M M A R Y ------------

Command Line: -agentlib:jdwp=transport=dt_socket,suspend=y,address=localhost:50110 -javaagent:/Users/gordie/eclipse/java-2019-062/Eclipse.app/Contents/Eclipse/configuration/org.eclipse.osgi/219/0/.cp/lib/javaagent-shaded.jar -Dfile.encoding=UTF-8 TestProject.Main.TestProject

Host: iMac14,2 x86_64 3699 MHz, 4 cores, 16G, Darwin 16.7.0
Time: Fri Sep 13 21:44:03 2019 BST elapsed time: 26 seconds (0d 0h 0m 26s)

---------------  T H R E A D  ---------------

Current thread (0x00007f955f014800):  JavaThread "Signal Dispatcher" daemon [_thread_in_vm, id=21511, stack(0x0000700008b38000,0x0000700008c38000)]

Stack: [0x0000700008b38000,0x0000700008c38000],  sp=0x0000700008c362a0,  free space=1016k
Native frames: (J=compiled Java code, A=aot compiled Java code, j=interpreted, Vv=VM code, C=native code)
C  [libjimage.dylib+0x2432]  _ZNK15ImageFileReader19find_location_indexEPKcPy+0x2c
C  [libjimage.dylib+0x2786]  JIMAGE_FindResource+0xcf
V  [libjvm.dylib+0x1e66cb]  _ZN19ClassPathImageEntry11open_streamEPKcP6Thread+0x45
V  [libjvm.dylib+0x1e8b77]  _ZN11ClassLoader10load_classEP6SymbolbP6Thread+0x147
V  [libjvm.dylib+0x6addaf]  _ZN16SystemDictionary19load_instance_classEP6Symbol6HandleP6Thread+0x2f5
V  [libjvm.dylib+0x6acde7]  _ZN16SystemDictionary30resolve_instance_class_or_nullEP6Symbol6HandleS2_P6Thread+0x43d
V  [libjvm.dylib+0x6ac5ed]  _ZN16SystemDictionary15resolve_or_failEP6Symbol6HandleS2_bP6Thread+0x1b
V  [libjvm.dylib+0x25458e]  _ZN12ConstantPool13klass_at_implERK18constantPoolHandleibP6Thread+0x10a
V  [libjvm.dylib+0x37a6a9]  _ZN12ConstantPool8klass_atEiP6Thread+0x4d
V  [libjvm.dylib+0x38c493]  _ZN18InterpreterRuntime4_newEP10JavaThreadP12ConstantPooli+0x29
j  jdk.internal.misc.Signal.dispatch(I)V+25 java.base@12.0.1
v  ~StubRoutines::call_stub
V  [libjvm.dylib+0x393675]  _ZN9JavaCalls11call_helperEP9JavaValueRK12methodHandleP17JavaCallArgumentsP6Thread+0x285
V  [libjvm.dylib+0x392fa1]  _ZN9JavaCalls11call_staticEP9JavaValueP5KlassP6SymbolS5_P17JavaCallArgumentsP6Thread+0xb1
V  [libjvm.dylib+0x5d82d6]  _ZL19signal_thread_entryP10JavaThreadP6Thread+0x303
V  [libjvm.dylib+0x6e3d2a]  _ZN10JavaThread17thread_main_innerEv+0x82
V  [libjvm.dylib+0x6e3b74]  _ZN10JavaThread3runEv+0x16c
V  [libjvm.dylib+0x6e1a7a]  _ZN6Thread8call_runEv+0x68
V  [libjvm.dylib+0x5dbeb7]  _ZL19thread_native_entryP6Thread+0x139
C  [libsystem_pthread.dylib+0x393b]  _pthread_body+0xb4
C  [libsystem_pthread.dylib+0x3887]  _pthread_body+0x0
C  [libsystem_pthread.dylib+0x308d]  thread_start+0xd

Java frames: (J=compiled Java code, j=interpreted, Vv=VM code)
j  jdk.internal.misc.Signal.dispatch(I)V+25 java.base@12.0.1
v  ~StubRoutines::call_stub

siginfo: si_signo: 11 (SIGSEGV), si_code: 0 (unknown), si_addr: 0x0000000000000000

Register to memory mapping:

RAX=0x0f000003df850f08 is an unknown value
RBX=0x000000010d5d000d: readCEN+0x8e3 in /Library/Java/JavaVirtualMachines/jdk-12.0.1.jdk/Contents/Home/lib/libzip.dylib at 0x000000010d5cd000
RCX=0x0 is NULL
RDX=0x0000700008c373d0 is pointing into the stack for thread: 0x00007f955f014800
RSP=0x0000700008c362a0 is pointing into the stack for thread: 0x00007f955f014800
RBP=0x0000700008c36310 is pointing into the stack for thread: 0x00007f955f014800
RSI=0x00000000000083ba is an unknown value
RDI=0x000000010d5d000d: readCEN+0x8e3 in /Library/Java/JavaVirtualMachines/jdk-12.0.1.jdk/Contents/Home/lib/libzip.dylib at 0x000000010d5cd000
R8 =0x0000700008c373d0 is pointing into the stack for thread: 0x00007f955f014800
R9 =0x00007fffbb542a50: __vfprintf+0x4699 in /usr/lib/system/libsystem_c.dylib at 0x00007fffbb4f8000
R10=0x0000000000000002 is an unknown value
R11=0xfffff06aaa72cd12 is an unknown value
R12=0x000000010d5dc01c is an unknown value
R13=0x00007f955e502d80 points into unknown readable memory: 00 00 00 00 00 00 00 40
R14=0x0000700008c373d0 is pointing into the stack for thread: 0x00007f955f014800
R15=0x0000700008c36340 is pointing into the stack for thread: 0x00007f955f014800


Registers:
RAX=0x0f000003df850f08, RBX=0x000000010d5d000d, RCX=0x0000000000000000, RDX=0x0000700008c373d0
RSP=0x0000700008c362a0, RBP=0x0000700008c36310, RSI=0x00000000000083ba, RDI=0x000000010d5d000d
R8 =0x0000700008c373d0, R9 =0x00007fffbb542a50, R10=0x0000000000000002, R11=0xfffff06aaa72cd12
R12=0x000000010d5dc01c, R13=0x00007f955e502d80, R14=0x0000700008c373d0, R15=0x0000700008c36340
RIP=0x000000010d5d7432, EFLAGS=0x0000000000010206, ERR=0x0000000000000000
  TRAPNO=0x000000000000000d

Top of Stack: (sp=0x0000700008c362a0)
0x0000700008c362a0:   0000000000000000 0000000000000000
0x0000700008c362b0:   0000000000000000 0000000000000000
0x0000700008c362c0:   0000000000000000 0000000000000000
0x0000700008c362d0:   0000000000000000 0000000000000000
0x0000700008c362e0:   0000000000000000 0000000000000000
0x0000700008c362f0:   00007f955e509630 000000010cfbfaac
0x0000700008c36300:   0000000000000020 0000000000000002
0x0000700008c36310:   0000700008c37370 000000010d5d7786
0x0000700008c36320:   0000000000000000 00007f955e502d80
0x0000700008c36330:   0000700008c373d0 0000000000000022
0x0000700008c36340:   6e692f6b646a2f2f 6d2f6c616e726574
0x0000700008c36350:   6e6769532f637369 616c632e31246c61
0x0000700008c36360:   0000000000007373 0000000000000000
0x0000700008c36370:   0000000000000000 0000000000000000
0x0000700008c36380:   0000000000000000 0000000000000000
0x0000700008c36390:   0000000000000000 0000000000000000
0x0000700008c363a0:   0000000000000000 0000000000000000
0x0000700008c363b0:   0000000000000000 0000000000000000
0x0000700008c363c0:   0000000000000000 0000000000000000
0x0000700008c363d0:   0000000000000000 0000000000000000
0x0000700008c363e0:   0000000000000000 0000000000000000
0x0000700008c363f0:   0000000000000000 0000000000000000
0x0000700008c36400:   0000000000000000 0000000000000000
0x0000700008c36410:   0000000000000000 0000000000000000
0x0000700008c36420:   0000000000000000 0000000000000000
0x0000700008c36430:   0000000000000000 0000000000000000
0x0000700008c36440:   0000000000000000 0000000000000000
0x0000700008c36450:   0000000000000000 0000000000000000
0x0000700008c36460:   0000000000000000 0000000000000000
0x0000700008c36470:   0000000000000000 0000000000000000
0x0000700008c36480:   0000000000000000 0000000000000000
0x0000700008c36490:   0000000000000000 0000000000000000 

Instructions: (pc=0x000000010d5d7432)
0x000000010d5d7412:   53 48 83 ec 48 49 89 d6 49 89 f7 49 89 fd 49 8b
0x000000010d5d7422:   5d 10 4d 8b 65 50 48 8b 03 41 8b 75 30 48 89 df
0x000000010d5d7432:   ff 50 08 48 89 df 4c 89 fe 4c 89 e2 89 c1 e8 47
0x000000010d5d7442:   f3 ff ff 83 f8 ff 74 5f 49 8b 7d 10 49 8b 4d 58 

Stack slot to memory mapping:
stack at sp + 0 slots: 0x0 is NULL
stack at sp + 1 slots: 0x0 is NULL
stack at sp + 2 slots: 0x0 is NULL
stack at sp + 3 slots: 0x0 is NULL
stack at sp + 4 slots: 0x0 is NULL
stack at sp + 5 slots: 0x0 is NULL
stack at sp + 6 slots: 0x0 is NULL
stack at sp + 7 slots: 0x0 is NULL


---------------  P R O C E S S  ---------------

Threads class SMR info:
_java_thread_list=0x00007f9562fe1160, length=17, elements={
