#
# A fatal error has been detected by the Java Runtime Environment:
#
#  SIGSEGV (0xb) at pc=0x000000010ffea7e2, pid=864, tid=21515
#
# JRE version: Java(TM) SE Runtime Environment (12.0.1+12) (build 12.0.1+12)
# Java VM: Java HotSpot(TM) 64-Bit Server VM (12.0.1+12, mixed mode, sharing, tiered, compressed oops, g1 gc, bsd-amd64)
# Problematic frame:
# C  [libjimage.dylib+0x17e2]  ImageStrings::find(Endian*, char const*, int*, unsigned int)+0x56
#
# No core dump will be written. Core dumps have been disabled. To enable core dumping, try "ulimit -c unlimited" before starting Java again
#
# If you would like to submit a bug report, please visit:
#   http://bugreport.java.com/bugreport/crash.jsp
#

---------------  S U M M A R Y ------------

Command Line: -agentlib:jdwp=transport=dt_socket,suspend=y,address=localhost:49871 -javaagent:/Users/gordie/eclipse/java-2019-062/Eclipse.app/Contents/Eclipse/configuration/org.eclipse.osgi/219/0/.cp/lib/javaagent-shaded.jar -Dfile.encoding=UTF-8 TestProject.Main.TestProject

Host: iMac14,2 x86_64 3699 MHz, 4 cores, 16G, Darwin 16.7.0
Time: Fri Sep 13 21:01:35 2019 BST elapsed time: 62 seconds (0d 0h 1m 2s)

---------------  T H R E A D  ---------------

Current thread (0x00007fea5a8a5000):  JavaThread "Signal Dispatcher" daemon [_thread_in_vm, id=21515, stack(0x000070000a994000,0x000070000aa94000)]

Stack: [0x000070000a994000,0x000070000aa94000],  sp=0x000070000aa92280,  free space=1016k
Native frames: (J=compiled Java code, A=aot compiled Java code, j=interpreted, Vv=VM code, C=native code)
C  [libjimage.dylib+0x17e2]  ImageStrings::find(Endian*, char const*, int*, unsigned int)+0x56
C  [libjimage.dylib+0x2445]  ImageFileReader::find_location_index(char const*, unsigned long long*) const+0x3f
C  [libjimage.dylib+0x2786]  JIMAGE_FindResource+0xcf
V  [libjvm.dylib+0x1e66cb]  ClassPathImageEntry::open_stream(char const*, Thread*)+0x45
V  [libjvm.dylib+0x1e8b77]  ClassLoader::load_class(Symbol*, bool, Thread*)+0x147
V