#
# A fatal error has been detected by the Java Runtime Environment:
#
#  SIGSEGV (0xb) at pc=0x00000001041c2432, pid=769, tid=21767
#
# JRE version: Java(TM) SE Runtime Environment (12.0.1+12) (build 12.0.1+12)
# Java VM: Java HotSpot(TM) 64-Bit Server VM (12.0.1+12, mixed mode, sharing, tiered, compressed oops, g1 gc, bsd-amd64)
# Problematic frame:
# C  [libjimage.dylib+0x2432]  ImageFileReader::find_location_index(char const*, unsigned long long*) const+0x2c
#
# No core dump will be written. Core dumps have been disabled. To enable core dumping, try "ulimit -c unlimited" before starting Java again
#
# If you would like to submit a bug report, please visit:
#   http://bugreport.java.com/bugreport/crash.jsp
#

---------------  S U M M A R Y ------------

Command Line: -agentlib:jdwp=transport=dt_socket,suspend=y,address=localhost:49655 -javaagent:/Users/gordie/eclipse/java-2019-062/Eclipse.app/Contents/Eclipse/configuration/org.eclipse.osgi/219/0/.cp/lib/javaagent-shaded.jar -Dfile.encoding=UTF-8 TestProject.Main.TestProject

Host: iMac14,2 x86_64 3699 MHz, 4 cores, 16G, Darwin 16.7.0
Time: Fri Aug 30 13:12:54 2019 BST elapsed time: 27 seconds (0d 0h 0m 27s)

---------------  T H R E A D  ---------------

Current thread (0x00007fcf7d879000):  JavaThread "Signal Dispatcher" daemon [_thread_in_vm, id=21767, stack(0x0000700001556000,0x0000700001656000)]

Stack: [0x0000700001556000,0x0000700001656000],  sp=0x00007000016542a0,  free space=1016k
Native frames: (J=compiled Java code, A=aot compiled Java code, j=interpreted, Vv=VM code, C=native code)
C  [libjimage.dylib+0x2432]  ImageFileReader::find_location_index(char const*, unsigned long long*) const+0x2c
C  [libjimage.dylib+0x2786]  JIMAGE_FindResource+0xcf
V  [libjvm.dylib+0x1e66cb]  ClassPathImageEntry::open_stream(char const*, Thread*)+0x45
V  [libjvm.dylib+0x1e8b77]  ClassLoader::load_class(Symbol*, bool, Thread*)+0x147
V  [libjvm.dylib+0x6addaf]  SystemDictionary::load_instance_class(Symbol*, Handle, Thread*)+0x2f5
V  [libjvm.dylib+0x6acde7]  SystemDictionary::resolve_instance_class_or_null(Symbol*, Handle, Handle, Thread*)+0x43d
V  [libjvm.dylib+0x6ac5ed]  SystemDictionary::resolve_or_fail(Symbol*, Handle, Handle, bool, Thread*)+0x1b
V  [libjvm.dylib+0x25458e]  ConstantPool::klass_at_impl(constantPoolHandle const&, int, bool, Thread*)+0x10a
V  [libjvm.dylib+0x37a6a9]  ConstantPool::klass_at(int, Thread*)+0x4d
V  [libjvm.dylib+0x38c493]  InterpreterRuntime::_new(JavaThread*, ConstantPool*, int)+0x29
j  jdk.internal.misc.Signal.dispatch(I)V+25 java.base@12.0.1
v  ~StubRoutines::call_stub
V  [libjvm.dylib+0x393675]  JavaCalls::call_helper(JavaValue*, methodHandle const&, JavaCallArguments*, Thread*)+0x285
V  [libjvm.dylib+0x392fa1]  JavaCalls::call_static(JavaValue*, Klass*, Symbol*, Symbol*, JavaCallArguments*, Thread*)+0xb1
V  [libjvm.dylib+0x5d82d6]  signal_thread_entry(JavaThread*, Thread*)+0x303
V  [libjvm.dylib+0x6e3d2a]  JavaThread::thread_main_inner()+0x82
V  [libjvm.dylib+0x6e3b74]  JavaThread::run()+0x16c
V  [libjvm.dylib+0x6e1a7a]  Thread::call_run()+0x68
V  [libjvm.dylib+0x5dbeb7]  thread_native_entry(Thread*)+0x139
C  [libsystem_pthread.dylib+0x393b]  _pthread_body+0xb4
C  [libsystem_pthread.dylib+0x3887]  _pthread_body+0x0
C  [libsystem_pthread.dylib+0x308d]  thread_start+0xd

Java frames: (J=compiled Java code, j=interpreted, Vv=VM code)
j  jdk.internal.misc.Signal.dispatch(I)V+25 java.base@12.0.1
v  ~StubRoutines::call_stub

siginfo: si_signo: 11 (SIGSEGV), si_code: 1 (SEGV_MAPERR), si_addr: 0x000000060000000b

Register to memory mapping:

RAX=0x0000000600000003 is an unknown value
RBX=0x00000001041c0008: <offset 0x8> in /Library/Java/JavaVirtualMachines/jdk-12.0.1.jdk/Contents/Home/lib/libjimage.dylib at 0x00000001041c0000
RCX=0x0 is NULL
RDX=0x00007000016553d0 is pointing into the stack for thread: 0x00007fcf7d879000
RSP=0x00007000016542a0 is pointing into the stack for thread: 0x00007fcf7d879000
RBP=0x0000700001654310 is pointing into the stack for thread: 0x00007fcf7d879000
RSI=0x00000000000083ba is an unknown value
RDI=0x00000001041c0008: <offset 0x8> in /Library/Java/JavaVirtualMachines/jdk-12.0.1.jdk/Contents/Home/lib/libjimage.dylib at 0x00000001041c0000
R8 =0x00007000016553d0 is pointing into the stack for thread: 0x00007fcf7d879000
R9 =0x00007fffc1e4ca50: __vfprintf+0x4699 in /usr/lib/system/libsystem_c.dylib at 0x00007fffc1e02000
R10=0x0000000000000002 is an unknown value
R11=0xfffff03084801d92 is an unknown value
R12=0x0000000107aa701c is an unknown value
R13=0x00007fcf7cd07fe0 points into unknown readable memory: 30 04 04 81 cf 7f 00 00
R14=0x00007000016553d0 is pointing into the stack for thread: 0x00007fcf7d879000
R15=0x0000700001654340 is pointing into the stack for thread: 0x00007fcf7d879000


Registers:
RAX=0x0000000600000003, RBX=0x00000001041c0008, RCX=0x0000000000000000, RDX=0x00007000016553d0
RSP=0x00007000016542a0, RBP=0x0000700001654310, RSI=0x00000000000083ba, RDI=0x00000001041c0008
R8 =0x00007000016553d0, R9 =0x00007fffc1e4ca50, R10=0x0000000000000002, R11=0xfffff03084801d92
R12=0x0000000107aa701c, R13=0x00007fcf7cd07fe0, R14=0x00007000016553d0, R15=0x0000700001654340
RIP=0x00000001041c2432, EFLAGS=0x0000000000010206, ERR=0x0000000000000004
  TRAPNO=0x000000000000000e

Top of Stack: (sp=0x00007000016542a0)
0x00007000016542a0:   0000000000000000 0000000000000000
0x00007000016542b0:   0000000000000000 0000000000000000
0x00007000016542c0:   0000000000000000 0000000000000000
0x00007000016542d0:   0000000000000000 0000000000000000
0x00007000016542e0:   0000000000000000 0000000000000000
0x00007000016542f0:   00007fcf7ce525b0 00000001051bfaac
0x0000700001654300:   0000000000000020 0000000000000002
0x0000700001654310:   0000700001655370 00000001041c2786
0x0000700001654320:   0000000000000000 00007fcf7cd07fe0
0x0000700001654330:   00007000016553d0 0000000000000022
0x0000700001654340:   6e692f6b646a2f2f 6d2f6c616e726574
0x0000700001654350:   6e6769532f637369 616c632e31246c61
0x0000700001654360:   0000000000007373 0000000000000000
0x0000700001654370:   0000000000000000 0000000000000000
0x0000700001654380:   0000000000000000 0000000000000000
0x0000700001654390:   0000000000000000 0000000000000000
0x00007000016543a0:   0000000000000000 0000000000000000
0x00007000016543b0:   0000000000000000 0000000000000000
0x00007000016543c0:   0000000000000000 0000000000000000
0x00007000016543d0:   0000000000000000 0000000000000000
0x00007000016543e0:   0000000000000000 0000000000000000
0x00007000016543f0:   0000000000000000 0000000000000000
0x0000700001654400:   0000000000000000 0000000000000000
0x0000700001654410:   0000000000000000 0000000000000000
0x0000700001654420:   0000000000000000 0000000000000000
0x0000700001654430:   0000000000000000 0000000000000000
0x0000700001654440:   0000000000000000 0000000000000000
0x0000700001654450:   0000000000000000 0000000000000000
0x0000700001654460:   0000000000000000 0000000000000000
0x0000700001654470:   0000000000000000 0000000000000000
0x0000700001654480:   0000000000000000 0000000000000000
0x0000700001654490:   0000000000000000 0000000000000000 

Instructions: (pc=0x00000001041c2432)
0x00000001041c2412:   53 48 83 ec 48 49 89 d6 49 89 f7 49 89 fd 49 8b
0x00000001041c2422:   5d 10 4d 8b 65 50 48 8b 03 41 8b 75 30 48 89 df
0x00000001041c2432:   ff 50 08 48 89 df 4c 89 fe 4c 89 e2 89 c1 e8 47
0x00000001041c2442:   f3 ff ff 83 f8 ff 74 5f 49 8b 7d 10 49 8b 4d 58 

Stack slot to memory mapping:
stack at sp + 0 slots: 0x0 is NULL
stack at sp + 1 slots: 0x0 is NULL
stack at sp + 2 slots: 0x0 is NULL
stack at sp + 3 slots: 0x0 is NULL
stack at sp + 4 slots: 0x0 is NULL
stack at sp + 5 slots: 0x0 is NULL
stack at sp + 6 slots: 0x0 is NULL
stack at sp + 7 slots: 0x0 is NULL


---------------  P R O C E S S  ---------------

Threads class SMR info:
_java_thread_list=0x00007fcf7cee9c70, length=17, elements={
0x00007fcf7d001800, 0x00007fcf7d86b000, 0x00007fcf7d876000, 0x00007fcf7d879000,
0x00007fcf7d87c000, 0x00007fcf7d87c800, 0x00007fcf7d87e000, 0x00007fcf7e001000,
0x00007fcf7d04c800, 0x00007fcf7d879800, 0x00007fcf7d8a1800, 0x00007fcf7d8f9000,
0x00007fcf7d920800, 0x00007fcf7e990000, 0x00007fcf7e0d1000, 0x00007fcf7eac2000,
0x00007fcf7e244000
}

Java Threads: ( => current thread )
  0x00007fcf7d001800 JavaThread "main" [_thread_in_native_trans, id=8707, stack(0x000000010400a000,0x000000010410a000)]
  0x00007fcf7d86b000 JavaThread "Reference Handler" daemon [_thread_blocked, id=17155, stack(0x0000700001350000,0x0000700001450000)]
  0x00007fcf7d876000 JavaThread "Finalizer" daemon [_thread_blocked, id=17923, stack(0x0000700001453000,0x0000700001553000)]
=>0x00007fcf7d879000 JavaThread "Signal Dispatcher" daemon [_thread_in_vm, id=21767, stack(0x0000700001556000,0x0000700001656000)]
  0x00007fcf7d87c000 JavaThread "C2 CompilerThread0" daemon [_thread_blocked, id=22531, stack(0x0000700001659000,0x0000700001759000)]
  0x00007fcf7d87c800 JavaThread "C1 CompilerThread0" daemon [_thread_blocked, id=23299, stack(0x000070000175c000,0x000070000185c000)]
  0x00007fcf7d87e000 JavaThread "Sweeper thread" daemon [_thread_blocked, id=24067, stack(0x000070000185f000,0x000070000195f000)]
  0x00007fcf7e001000 JavaThread "Common-Cleaner" daemon [_thread_blocked, id=24835, stack(0x0000700001962000,0x0000700001a62000)]
  0x00007fcf7d04c800 JavaThread "JDWP Transport Listener: dt_socket" daemon [_thread_in_native, id=25603, stack(0x0000700001a65000,0x0000700001b65000)]
  0x00007fcf7d879800 JavaThread "JDWP Event Helper Thread" daemon [_thread_blocked, id=26371, stack(0x0000700001b68000,0x0000700001c68000)]
  0x00007fcf7d8a1800 JavaThread "Service Thread" daemon [_thread_blocked, id=27907, stack(0x0000700001d6e000,0x0000700001e6e000)]
  0x00007fcf7d8f9000 JavaThread "AppKit Thread" daemon [_thread_in_native, id=775, stack(0x00007fff5b46e000,0x00007fff5bc6e000)]
  0x00007fcf7d920800 JavaThread "AWT-Shutdown" [_thread_blocked, id=40195, stack(0x0000700001ff7000,0x00007000020f7000)]
  0x00007fcf7e990000 JavaThread "Java2D Queue Flusher" daemon [_thread_blocked, id=65027, stack(0x0000700002200000,0x0000700002300000)]
  0x00007fcf7e0d1000 JavaThread "Java2D Disposer" daemon [_thread_blocked, id=68355, stack(0x0000700002303000,0x0000700002403000)]
  0x00007fcf7eac2000 JavaThread "AWT-EventQueue-0" [_thread_blocked, id=72963, stack(0x0000700002406000,0x0000700002506000)]
  0x00007fcf7e244000 JavaThread "Thread-1" [_thread_in_vm, id=74899, stack(0x0000700002509000,0x0000700002609000)]

Other Threads:
  0x00007fcf7e866000 VMThread "VM Thread" [stack: 0x000070000124d000,0x000070000134d000] [id=16387]
  0x00007fcf7e8dd000 WatcherThread [stack: 0x0000700001e71000,0x0000700001f71000] [id=28419]
  0x00007fcf7e836000 GCTaskThread "GC Thread#0" [stack: 0x0000700000d3e000,0x0000700000e3e000] [id=12291]
  0x00007fcf7eaae000 GCTaskThread "GC Thread#1" [stack: 0x000070000260c000,0x000070000270c000] [id=76247]
  0x00007fcf7da7c800 GCTaskThread "GC Thread#2" [stack: 0x000070000270f000,0x000070000280f000] [id=76983]
  0x00007fcf7eaa8000 GCTaskThread "GC Thread#3" [stack: 0x0000700002812000,0x0000700002912000] [id=77063]
  0x00007fcf7e84f000 ConcurrentGCThread "G1 Main Marker" [stack: 0x0000700000e41000,0x0000700000f41000] [id=12803]
  0x00007fcf7e84f800 ConcurrentGCThread "G1 Conc#0" [stack: 0x0000700000f44000,0x0000700001044000] [id=13827]
  0x00007fcf7d851800 ConcurrentGCThread "G1 Refine#0" [stack: 0x0000700001047000,0x0000700001147000] [id=14339]
  0x00007fcf7d852800 ConcurrentGCThread "G1 Young RemSet Sampling" [stack: 0x000070000114a000,0x000070000124a000] [id=14851]

Threads with active compile tasks:

VM state:not at safepoint (normal execution)

VM Mutex/Monitor currently owned by a thread: None

Heap address: 0x0000000700000000, size: 4096 MB, Compressed Oops mode: Zero based, Oop shift amount: 3
Narrow klass base: 0x0000000800000000, Narrow klass shift: 3
Compressed class space size: 1073741824 Address: 0x00000008010fa000

Heap:
 garbage-first heap   total 2651136K, used 2627624K [0x0000000700000000, 0x0000000800000000)
  region size 1024K, 5 young (5120K), 1 survivors (1024K)
 Metaspace       used 9692K, capacity 9998K, committed 10240K, reserved 1058816K
  class space    used 1044K, capacity 1194K, committed 1280K, reserved 1048576K
Heap Regions: E=young(eden), S=young(survivor), O=old, HS=humongous(starts), HC=humongous(continues), CS=collection set, F=free, A=archive, TAMS=top-at-mark-start (previous, next)
|   0|0x0000000700000000, 0x0000000700100000, 0x0000000700100000|100%|HS|  |TAMS 0x0000000700100000, 0x0000000700000000| Complete 
|   1|0x0000000700100000, 0x0000000700200000, 0x0000000700200000|100%|HC|  |TAMS 0x0000000700200000, 0x0000000700100000| Complete 
|   2|0x0000000700200000, 0x0000000700300000, 0x0000000700300000|100%|HS|  |TAMS 0x0000000700200000, 0x0000000700200000| Complete 
|   3|0x0000000700300000, 0x0000000700400000, 0x0000000700400000|100%|HC|  |TAMS 0x0000000700300000, 0x0000000700300000| Complete 
|   4|0x0000000700400000, 0x0000000700500000, 0x0000000700500000|100%|HS|  |TAMS 0x0000000700400000, 0x0000000700400000| Complete 
|   5|0x0000000700500000, 0x0000000700600000, 0x0000000700600000|100%|HC|  |TAMS 0x0000000700500000, 0x0000000700500000| Complete 
|   6|0x0000000700600000, 0x0000000700700000, 0x0000000700700000|100%|HS|  |TAMS 0x0000000700700000, 0x0000000700600000| Complete 
|   7|0x0000000700700000, 0x0000000700800000, 0x0000000700800000|100%|HC|  |TAMS 0x0000000700800000, 0x0000000700700000| Complete 
|   8|0x0000000700800000, 0x0000000700900000, 0x0000000700900000|100%|HS|  |TAMS 0x0000000700900000, 0x0000000700800000| Complete 
|   9|0x0000000700900000, 0x0000000700a00000, 0x0000000700a00000|100%|HC|  |TAMS 0x0000000700a00000, 0x0000000700900000| Complete 
|  10|0x0000000700a00000, 0x0000000700b00000, 0x0000000700b00000|100%|HS|  |TAMS 0x0000000700b00000, 0x0000000700a00000| Complete 
|  11|0x0000000700b00000, 0x0000000700c00000, 0x0000000700c00000|100%|HC|  |TAMS 0x0000000700c00000, 0x0000000700b00000| Complete 
|  12|0x0000000700c00000, 0x0000000700d00000, 0x0000000700d00000|100%|HS|  |TAMS 0x0000000700c00000, 0x0000000700c00000| Complete 
|  13|0x0000000700d00000, 0x0000000700e00000, 0x0000000700e00000|100%|HC|  |TAMS 0x0000000700d00000, 0x0000000700d00000| Complete 
|  14|0x0000000700e00000, 0x0000000700f00000, 0x0000000700f00000|100%|HS|  |TAMS 0x0000000700f00000, 0x0000000700e00000| Complete 
|  15|0x0000000700f00000, 0x0000000701000000, 0x0000000701000000|100%|HC|  |TAMS 0x0000000701000000, 0x0000000700f00000| Complete 
|  16|0x0000000701000000, 0x0000000701100000, 0x0000000701100000|100%|HS|  |TAMS 0x0000000701000000, 0x0000000701000000| Complete 
|  17|0x0000000701100000, 0x0000000701200000, 0x0000000701200000|100%|HC|  |TAMS 0x0000000701100000, 0x0000000701100000| Complete 
|  18|0x0000000701200000, 0x0000000701300000, 0x0000000701300000|100%| O|  |TAMS 0x0000000701300000, 0x0000000701200000| Untracked 
|  19|0x0000000701300000, 0x0000000701400000, 0x0000000701400000|100%| O|  |TAMS 0x0000000701400000, 0x0000000701300000| Untracked 
|  20|0x0000000701400000, 0x0000000701400a00, 0x0000000701500000|  0%| O|  |TAMS 0x0000000701400a00, 0x0000000701400000| Complete 
|  21|0x0000000701500000, 0x0000000701600000, 0x0000000701600000|100%|HS|  |TAMS 0x0000000701500000, 0x0000000701500000| Complete 
|  22|0x0000000701600000, 0x0000000701700000, 0x0000000701700000|100%|HC|  |TAMS 0x0000000701600000, 0x0000000701600000| Complete 
|  23|0x0000000701700000, 0x0000000701800000, 0x0000000701800000|100%|HS|  |TAMS 0x0000000701700000, 0x0000000701700000| Complete 
|  24|0x0000000701800000, 0x0000000701900000, 0x0000000701900000|100%|HC|  |TAMS 0x0000000701800000, 0x0000000701800000| Complete 
|  25|0x0000000701900000, 0x0000000701a00000, 0x0000000701a00000|100%|HS|  |TAMS 0x0000000701900000, 0x0000000701900000| Complete 
|  26|0x0000000701a00000, 0x0000000701b00000, 0x0000000701b00000|100%|HC|  |TAMS 0x0000000701a00000, 0x0000000701a00000| Complete 
|  27|0x0000000701b00000, 0x0000000701c00000, 0x0000000701c00000|100%|HS|  |TAMS 0x0000000701b00000, 0x0000000701b00000| Complete 
|  28|0x0000000701c00000, 0x0000000701d00000, 0x0000000701d00000|100%|HC|  |TAMS 0x0000000701c00000, 0x0000000701c00000| Complete 
|  29|0x0000000701d00000, 0x0000000701e00000, 0x0000000701e00000|100%|HS|  |TAMS 0x0000000701e00000, 0x0000000701d00000| Complete 
|  30|0x0000000701e00000, 0x0000000701f00000, 0x0000000701f00000|100%|HC|  |TAMS 0x0000000701f00000, 0x0000000701e00000| Complete 
|  31|0x0000000701f00000, 0x0000000702000000, 0x0000000702000000|100%|HS|  |TAMS 0x0000000701f00000, 0x0000000701f00000| Complete 
|  32|0x0000000702000000, 0x0000000702100000, 0x0000000702100000|100%|HC|  |TAMS 0x0000000702000000, 0x0000000702000000| Complete 
|  33|0x0000000702100000, 0x0000000702200000, 0x0000000702200000|100%|HS|  |TAMS 0x0000000702200000, 0x0000000702100000| Complete 
|  34|0x0000000702200000, 0x0000000702300000, 0x0000000702300000|100%|HC|  |TAMS 0x0000000702300000, 0x0000000702200000| Complete 
|  35|0x0000000702300000, 0x0000000702400000, 0x0000000702400000|100%|HS|  |TAMS 0x0000000702300000, 0x0000000702300000| Complete 
|  36|0x0000000702400000, 0x0000000702500000, 0x0000000702500000|100%|HC|  |TAMS 0x0000000702400000, 0x0000000702400000| Complete 
|  37|0x0000000702500000, 0x0000000702600000, 0x0000000702600000|100%|HS|  |TAMS 0x0000000702500000, 0x0000000702500000| Complete 
|  38|0x0000000702600000, 0x0000000702700000, 0x0000000702700000|100%|HC|  |TAMS 0x0000000702600000, 0x0000000702600000| Complete 
|  39|0x0000000702700000, 0x0000000702800000, 0x0000000702800000|100%|HS|  |TAMS 0x0000000702700000, 0x0000000702700000| Complete 
|  40|0x0000000702800000, 0x0000000702900000, 0x0000000702900000|100%|HC|  |TAMS 0x0000000702800000, 0x0000000702800000| Complete 
|  41|0x0000000702900000, 0x0000000702a00000, 0x0000000702a00000|100%|HS|  |TAMS 0x0000000702900000, 0x0000000702900000| Complete 
|  42|0x0000000702a00000, 0x0000000702b00000, 0x0000000702b00000|100%|HC|  |TAMS 0x0000000702a00000, 0x0000000702a00000| Complete 
|  43|0x0000000702b00000, 0x0000000702c00000, 0x0000000702c00000|100%|HS|  |TAMS 0x0000000702b00000, 0x0000000702b00000| Complete 
|  44|0x0000000702c00000, 0x0000000702d00000, 0x0000000702d00000|100%|HC|  |TAMS 0x0000000702c00000, 0x0000000702c00000| Complete 
|  45|0x0000000702d00000, 0x0000000702e00000, 0x0000000702e00000|100%|HS|  |TAMS 0x0000000702d00000, 0x0000000702d00000| Complete 
|  46|0x0000000702e00000, 0x0000000702f00000, 0x0000000702f00000|100%|HC|  |TAMS 0x0000000702e00000, 0x0000000702e00000| Complete 
|  47|0x0000000702f00000, 0x0000000703000000, 0x0000000703000000|100%|HS|  |TAMS 0x0000000702f00000, 0x0000000702f00000| Complete 
|  48|0x0000000703000000, 0x0000000703100000, 0x0000000703100000|100%|HC|  |TAMS 0x0000000703000000, 0x0000000703000000| Complete 
|  49|0x0000000703100000, 0x0000000703200000, 0x0000000703200000|100%|HS|  |TAMS 0x0000000703100000, 0x0000000703100000| Complete 
|  50|0x0000000703200000, 0x0000000703300000, 0x0000000703300000|100%|HC|  |TAMS 0x0000000703200000, 0x0000000703200000| Complete 
|  51|0x0000000703300000, 0x0000000703400000, 0x0000000703400000|100%|HS|  |TAMS 0x0000000703300000, 0x0000000703300000| Complete 
|  52|0x0000000703400000, 0x0000000703500000, 0x0000000703500000|100%|HC|  |TAMS 0x0000000703400000, 0x0000000703400000| Complete 
|  53|0x0000000703500000, 0x0000000703500a00, 0x0000000703600000|  0%| O|  |TAMS 0x0000000703500a00, 0x0000000703500000| Complete 
|  54|0x0000000703600000, 0x0000000703700000, 0x0000000703700000|100%|HS|  |TAMS 0x0000000703600000, 0x0000000703600000| Complete 
|  55|0x0000000703700000, 0x0000000703800000, 0x0000000703800000|100%|HC|  |TAMS 0x0000000703700000, 0x0000000703700000| Complete 
|  56|0x0000000703800000, 0x0000000703801400, 0x0000000703900000|  0%| O|  |TAMS 0x0000000703801400, 0x0000000703800000| Complete 
|  57|0x0000000703900000, 0x0000000703902600, 0x0000000703a00000|  0%| O|  |TAMS 0x0000000703902600, 0x0000000703900000| Complete 
|  58|0x0000000703a00000, 0x0000000703a03400, 0x0000000703b00000|  1%| O|  |TAMS 0x0000000703a03400, 0x0000000703a00000| Complete 
|  59|0x0000000703b00000, 0x0000000703c00000, 0x0000000703c00000|100%|HS|  |TAMS 0x0000000703b00000, 0x0000000703b00000| Complete 
