#
# A fatal error has been detected by the Java Runtime Environment:
#
#  SIGSEGV (0xb) at pc=0x0000000109dc2432, pid=767, tid=21511
#
# JRE version: Java(TM) SE Runtime Environment (12.0.1+12) (build 12.0.1+12)
# Java VM: Java HotSpot(TM) 64-Bit Server VM (12.0.1+12, mixed mode, sharing, tiered, compressed oops, g1 gc, bsd-amd64)
# Problematic frame:
# C  [libjimage.dylib+0x2432]  _ZNK15ImageFileReader19find_location_indexEPKcPy+0x2c
#
# No core dump will be written. Core dumps have been disabled. To enable core dumping, try "ulimit -c unlimited" before starting Java again
#
# If you would like to submit a bug report, please visit:
#   http://bugreport.java.com/bugreport/crash.jsp
#

---------------  S U M M A R Y ------------

Command Line: -agentlib:jdwp=transport=dt_socket,suspend=y,address=localhost:49653 -javaagent:/Users/gordie/eclipse/java-2019-062/Eclipse.app/Contents/Eclipse/configuration/org.eclipse.osgi/219/0/.cp/lib/javaagent-shaded.jar -Dfile.encoding=UTF-8 TestProject.Main.TestProject

Host: iMac14,2 x86_64 3699 MHz, 4 cores, 16G, Darwin 16.7.0
Time: Fri Aug 30 13:12:02 2019 BST elapsed time: 11 seconds (0d 0h 0m 11s)

---------------  T H R E A D  ---------------

Current thread (0x00007fe499925800):  JavaThread "Signal Dispatcher" daemon [_thread_in_vm, id=21511, stack(0x00007000010f8000,0x00007000011f8000)]

Stack: [0x00007000010f8000,0x00007000011f8000],  sp=0x00007000011f62a0,  free space=1016k
Native frames: (J=compiled Java code, A=aot compiled Java code, j=interpreted, Vv=VM code, C=native code)
C  [libjimage.dylib+0x2432]  _ZNK15ImageFileReader19find_location_indexEPKcPy+0x2c
C  [libjimage.dylib+0x2786]  JIMAGE_FindResource+0xcf
V  [libjvm.dylib+0x1e66cb]  _ZN19ClassPathImageEntry11open_streamEPKcP6Thread+0x45
V  [libjvm.dylib+0x1e8b77]  _ZN11ClassLoader10load_classEP6SymbolbP6Thread+0x147
V  [libjvm.dylib+0x6addaf]  _ZN16SystemDictionary19load_instance_classEP6Symbol6HandleP6Thread+0x2f5
V  [libjvm.dylib+0x6acde7]  _ZN16SystemDictionary30resolve_instance_class_or_nullEP6Symbol6HandleS2_P6Thread+0x43d
V  [libjvm.dylib+0x6ac5ed]  _ZN16SystemDictionary15resolve_or_failEP6Symbol6HandleS2_bP6Thread+0x1b
V  [libjvm.dylib+0x25458e]  _ZN12ConstantPool13klass_at_implERK18constantPoolHandleibP6Thread+0x10a
V  [libjvm.dylib+0x37a6a9]  _ZN12ConstantPool8klass_atEiP6Thread+0x4d
V  [libjvm.dylib+0x38c493]  _ZN18InterpreterRuntime4_newEP10JavaThreadP12ConstantPooli+0x29
j  jdk.internal.misc.Signal.dispatch(I)V+25 java.base@12.0.1
v  ~StubRoutines::call_stub
V  [libjvm.dylib+0x393675]  _ZN9JavaCalls11call_helperEP9JavaValueRK12methodHandleP17JavaCallArgumentsP6Thread+0x285
V  [libjvm.dylib+0x392fa1]  _ZN9JavaCalls11call_staticEP9JavaValueP5KlassP6SymbolS5_P17JavaCallArgumentsP6Thread+0xb1
V  [libjvm.dylib+0x5d82d6]  _ZL19signal_thread_entryP10JavaThreadP6Thread+0x303
V  [libjvm.dylib+0x6e3d2a]  _ZN10JavaThread17thread_main_innerEv+0x82
V  [libjvm.dylib+0x6e3b74]  _ZN10JavaThread3runEv+0x16c
V  [libjvm.dylib+0x6e1a7a]  _ZN6Thread8call_runEv+0x68
V  [libjvm.dylib+0x5dbeb7]  _ZL19thread_native_entryP6Thread+0x139
C  [libsystem_pthread.dylib+0x393b]  _pthread_body+0xb4
C  [libsystem_pthread.dylib+0x3887]  _pthread_body+0x0
C  [libsystem_pthread.dylib+0x308d]  thread_start+0xd

Java frames: (J=compiled Java code, j=interpreted, Vv=VM code)
j  jdk.internal.misc.Signal.dispatch(I)V+25 java.base@12.0.1
v  ~StubRoutines::call_stub

siginfo: si_signo: 11 (SIGSEGV), si_code: 1 (SEGV_MAPERR), si_addr: 0x000000060000000b

Register to memory mapping:

RAX=