#
# A fatal error has been detected by the Java Runtime Environment:
#
#  SIGSEGV (0xb) at pc=0x000000010b1987e2, pid=997, tid=21767
#
# JRE version: Java(TM) SE Runtime Environment (12.0.1+12) (build 12.0.1+12)
# Java VM: Java HotSpot(TM) 64-Bit Server VM (12.0.1+12, mixed mode, sharing, tiered, compressed oops, g1 gc, bsd-amd64)
# Problematic frame:
# C  [libjimage.dylib+0x17e2]  _ZN12ImageStrings4findEP6EndianPKcPij+0x56
#
# No core dump will be written. Core dumps have been disabled. To enable core dumping, try "ulimit -c unlimited" before starting Java again
#
# If you would like to submit a bug report, please visit:
#   http://bugreport.java.com/bugreport/crash.jsp
#

---------------  S U M M A R Y ------------

Command Line: -agentlib:jdwp=transport=dt_socket,suspend=y,address=localhost:49432 -javaagent:/Users/gordie/eclipse/java-2019-062/Eclipse.app/Contents/Eclipse/configuration/org.eclipse.osgi/219/0/.cp/lib/javaagent-shaded.jar -Dfile.encoding=UTF-8 TestProject.Main.TestProject

Host: iMac14,2 x86_64 3699 MHz, 4 cores, 16G, Darwin 16.7.0
Time: Thu Sep 12 18:01:01 2019 BST elapsed time: 29 seconds (0d 0h 0m 29s)

---------------  T H R E A D  ---------------

Current thread (0x00007fa6d20e9000):  JavaThread "Signal Dispatcher" daemon [_thread_in_vm, id=21767, stack(0x000070000ace0000,0x000070000ade0000)]

Stack: [0x000070000ace0000,0x000070000ade0000],  sp=0x000070000adde280,  free space=1016k
Native frames: (J=compiled Java code, A=aot compiled Java code, j=interpreted, Vv=VM code, C=native code)
C  [libjimage.dylib+0x17e2]  _ZN12ImageStrings4findEP6EndianPKcPij+0x56
C  [libjimage.dylib+0x2445]  _ZNK15ImageFileReader19find_location_indexEPKcPy+0x3f
C  [libjimage.dylib+0x2786]  JIMAGE_FindResource+0xcf
V  [libjvm.dylib+0x1e66cb]  _ZN19ClassPathImageEntry11open_streamEPKcP6Thread+0x45
V  [libjvm.dylib+0x1e8b77]  _ZN11ClassLoader10load_classEP6SymbolbP6Thread+0x147
V  [libjvm.dylib+0x6addaf]  _ZN16SystemDictionary19load_instance_classEP6Symbol6HandleP6Thread+0x2f5
V  [libjvm.dylib+0x6acde7]  _ZN16SystemDictionary30resolve_instance_class_or_nullEP6Symbol6HandleS2_P6Thread+0x43d
V  [libjvm.dylib+0x6ac5ed]  _ZN16SystemDictionary15resolve_or_failEP6Symbol6HandleS2_bP6Thread+0x1b
V  [libjvm.dylib+0x25458e]  _ZN12ConstantPool13klass_at_implERK18constantPoolHandleibP6Thread+0x10a
